2024.06.17 12:10:17 INFO  Started: Metals version 1.3.1 in folders 'C:\Users\Nicolas\Desktop\Proyecto_BD\LoginProyect' for client Visual Studio Code 1.90.1.
SLF4J(W): Class path contains multiple SLF4J providers.
SLF4J(W): Found provider [scribe.slf4j.ScribeServiceProvider@46a948a4]
SLF4J(W): Found provider [ch.qos.logback.classic.spi.LogbackServiceProvider@4cce45af]
SLF4J(W): See https://www.slf4j.org/codes.html#multiple_bindings for an explanation.
SLF4J(I): Actual provider is of type [scribe.slf4j.ScribeServiceProvider@46a948a4]
2024.06.17 12:10:20 WARN  Flyway upgrade recommended: H2 2.2.224 is newer than this version of Flyway and support has not been tested. The latest supported version of H2 is 2.2.220.
2024.06.17 12:10:22 INFO  no build target found for C:\Users\Nicolas\Desktop\Proyecto_BD\LoginProyect\src\Principal\Main.java. Using presentation compiler with project's scala-library version: 3.3.3
2024.06.17 12:10:23 WARN  no build tool detected in workspace 'C:\Users\Nicolas\Desktop\Proyecto_BD\LoginProyect'. The most common cause for this problem is that the editor was opened in the wrong working directory, for example if you use sbt then the workspace directory should contain build.sbt. 
2024.06.17 12:10:23 WARN  Build server is not auto-connectable.
2024.06.17 12:10:25 WARN  Running javac-semanticdb failed for file:///C:/Users/Nicolas/Desktop/Proyecto_BD/LoginProyect/src/Principal/Main.java. Output:

2024.06.17 12:10:26 INFO  time: code lens generation in 2.59s
2024.06.17 12:10:36 INFO  no build target found for C:\Users\Nicolas\Desktop\Proyecto_BD\LoginProyect\src\Principal\Main.java. Using presentation compiler with project's scala-library version: 3.3.3
jun 17, 2024 12:10:36 P. M. org.eclipse.lsp4j.jsonrpc.RemoteEndpoint handleCancellation
ADVERTENCIA: Unmatched cancel notification for request id 6
jun 17, 2024 12:10:42 P. M. scala.meta.internal.pc.CompilerAccess handleError
GRAVE: A severe compiler error occurred, full details of the error can be found in the error report C:\Users\Nicolas\Desktop\Proyecto_BD\LoginProyect\.metals\.reports\metals-full\2024-06-17\r_compiler-error_12-10-42-458.md
2024.06.17 12:50:27 INFO  no build target found for C:\Users\Nicolas\Desktop\Proyecto_BD\LoginProyect\src\Principal\Main.java. Using presentation compiler with project's scala-library version: 3.3.3
jun 17, 2024 12:50:29 P. M. scala.meta.internal.pc.CompilerAccess handleError
GRAVE: A severe compiler error occurred, full details of the error can be found in the error report C:\Users\Nicolas\Desktop\Proyecto_BD\LoginProyect\.metals\.reports\metals-full\2024-06-17\r_compiler-error_12-50-29-497.md
2024.06.17 12:50:40 WARN  no build target for: C:\Users\Nicolas\Desktop\Proyecto_BD\LoginProyect\src\Principal\Main.java
2024.06.17 12:50:40 INFO  no build target found for C:\Users\Nicolas\Desktop\Proyecto_BD\LoginProyect\src\Principal\Main.java. Using presentation compiler with project's scala-library version: 3.3.3
jun 17, 2024 12:50:41 P. M. scala.meta.internal.pc.CompilerAccess handleError
GRAVE: A severe compiler error occurred, full details of the error can be found in the error report C:\Users\Nicolas\Desktop\Proyecto_BD\LoginProyect\.metals\.reports\metals-full\2024-06-17\r_compiler-error_12-50-41-953.md
2024.06.17 12:50:45 INFO  no build target found for C:\Users\Nicolas\Desktop\Proyecto_BD\LoginProyect\src\Principal\Main.java. Using presentation compiler with project's scala-library version: 3.3.3
jun 17, 2024 12:50:46 P. M. scala.meta.internal.pc.CompilerAccess handleError
GRAVE: A severe compiler error occurred, full details of the error can be found in the error report C:\Users\Nicolas\Desktop\Proyecto_BD\LoginProyect\.metals\.reports\metals-full\2024-06-17\r_compiler-error_12-50-46-054.md
2024.06.17 12:50:51 INFO  no build target found for C:\Users\Nicolas\Desktop\Proyecto_BD\LoginProyect\src\Principal\Main.java. Using presentation compiler with project's scala-library version: 3.3.3
jun 17, 2024 12:50:51 P. M. scala.meta.internal.pc.CompilerAccess handleError
GRAVE: A severe compiler error occurred, full details of the error can be found in the error report C:\Users\Nicolas\Desktop\Proyecto_BD\LoginProyect\.metals\.reports\metals-full\2024-06-17\r_compiler-error_12-50-51-796.md
jun 17, 2024 12:50:55 P. M. org.eclipse.lsp4j.jsonrpc.RemoteEndpoint handleCancellation
ADVERTENCIA: Unmatched cancel notification for request id 33
2024.06.17 12:50:55 INFO  no build target found for C:\Users\Nicolas\Desktop\Proyecto_BD\LoginProyect\src\Principal\Main.java. Using presentation compiler with project's scala-library version: 3.3.3
jun 17, 2024 12:50:57 P. M. scala.meta.internal.pc.CompilerAccess handleError
GRAVE: A severe compiler error occurred, full details of the error can be found in the error report C:\Users\Nicolas\Desktop\Proyecto_BD\LoginProyect\.metals\.reports\metals-full\2024-06-17\r_compiler-error_12-50-57-071.md
2024.06.17 12:50:58 INFO  no build target found for C:\Users\Nicolas\Desktop\Proyecto_BD\LoginProyect\src\Principal\Main.java. Using presentation compiler with project's scala-library version: 3.3.3
jun 17, 2024 12:50:59 P. M. scala.meta.internal.pc.CompilerAccess handleError
GRAVE: A severe compiler error occurred, full details of the error can be found in the error report C:\Users\Nicolas\Desktop\Proyecto_BD\LoginProyect\.metals\.reports\metals-full\2024-06-17\r_compiler-error_12-50-59-112.md
2024.06.17 12:51:01 WARN  Running javac-semanticdb failed for file:///C:/Users/Nicolas/Desktop/Proyecto_BD/LoginProyect/src/Principal/Main.java. Output:

2024.06.17 12:51:01 INFO  no build target found for C:\Users\Nicolas\Desktop\Proyecto_BD\LoginProyect\src\Principal\Main.java. Using presentation compiler with project's scala-library version: 3.3.3
2024.06.17 12:51:01 INFO  no build target found for C:\Users\Nicolas\Desktop\Proyecto_BD\LoginProyect\src\Principal\Main.java. Using presentation compiler with project's scala-library version: 3.3.3
jun 17, 2024 12:51:02 P. M. scala.meta.internal.pc.CompilerAccess handleError
GRAVE: A severe compiler error occurred, full details of the error can be found in the error report C:\Users\Nicolas\Desktop\Proyecto_BD\LoginProyect\.metals\.reports\metals-full\2024-06-17\r_compiler-error_12-51-02-045.md
jun 17, 2024 12:51:02 P. M. scala.meta.internal.pc.CompilerAccess handleError
GRAVE: A severe compiler error occurred, full details of the error can be found in the error report C:\Users\Nicolas\Desktop\Proyecto_BD\LoginProyect\.metals\.reports\metals-full\2024-06-17\r_compiler-error_12-51-02-894.md
jun 17, 2024 12:51:02 P. M. org.eclipse.lsp4j.jsonrpc.RemoteEndpoint handleCancellation
ADVERTENCIA: Unmatched cancel notification for request id 56
jun 17, 2024 12:51:03 P. M. org.eclipse.lsp4j.jsonrpc.RemoteEndpoint handleCancellation
ADVERTENCIA: Unmatched cancel notification for request id 58
jun 17, 2024 12:51:03 P. M. org.eclipse.lsp4j.jsonrpc.RemoteEndpoint handleCancellation
ADVERTENCIA: Unmatched cancel notification for request id 59
2024.06.17 12:51:06 INFO  no build target found for C:\Users\Nicolas\Desktop\Proyecto_BD\LoginProyect\src\Principal\Main.java. Using presentation compiler with project's scala-library version: 3.3.3
jun 17, 2024 12:51:07 P. M. scala.meta.internal.pc.CompilerAccess handleError
GRAVE: A severe compiler error occurred, full details of the error can be found in the error report C:\Users\Nicolas\Desktop\Proyecto_BD\LoginProyect\.metals\.reports\metals-full\2024-06-17\r_compiler-error_12-51-07-225.md
2024.06.17 12:51:09 WARN  Running javac-semanticdb failed for file:///C:/Users/Nicolas/Desktop/Proyecto_BD/LoginProyect/src/Principal/Main.java. Output:

2024.06.17 12:51:10 WARN  no build target for: C:\Users\Nicolas\Desktop\Proyecto_BD\LoginProyect\src\Principal\Main.java
2024.06.17 12:51:10 INFO  no build target found for C:\Users\Nicolas\Desktop\Proyecto_BD\LoginProyect\src\Principal\Main.java. Using presentation compiler with project's scala-library version: 3.3.3
jun 17, 2024 12:51:10 P. M. scala.meta.internal.pc.CompilerAccess handleError
GRAVE: A severe compiler error occurred, full details of the error can be found in the error report C:\Users\Nicolas\Desktop\Proyecto_BD\LoginProyect\.metals\.reports\metals-full\2024-06-17\r_compiler-error_12-51-10-845.md
2024.06.17 12:51:15 INFO  no build target found for C:\Users\Nicolas\Desktop\Proyecto_BD\LoginProyect\src\Principal\Main.java. Using presentation compiler with project's scala-library version: 3.3.3
jun 17, 2024 12:51:15 P. M. scala.meta.internal.pc.CompilerAccess handleError
GRAVE: A severe compiler error occurred, full details of the error can be found in the error report C:\Users\Nicolas\Desktop\Proyecto_BD\LoginProyect\.metals\.reports\metals-full\2024-06-17\r_compiler-error_12-51-15-382.md
2024.06.17 12:51:16 INFO  no build target found for C:\Users\Nicolas\Desktop\Proyecto_BD\LoginProyect\src\Principal\Main.java. Using presentation compiler with project's scala-library version: 3.3.3
jun 17, 2024 12:51:16 P. M. scala.meta.internal.pc.CompilerAccess handleError
GRAVE: A severe compiler error occurred, full details of the error can be found in the error report C:\Users\Nicolas\Desktop\Proyecto_BD\LoginProyect\.metals\.reports\metals-full\2024-06-17\r_compiler-error_12-51-16-724.md
2024.06.17 12:51:17 INFO  no build target found for C:\Users\Nicolas\Desktop\Proyecto_BD\LoginProyect\src\Principal\Main.java. Using presentation compiler with project's scala-library version: 3.3.3
jun 17, 2024 12:51:18 P. M. scala.meta.internal.pc.CompilerAccess handleError
GRAVE: A severe compiler error occurred, full details of the error can be found in the error report C:\Users\Nicolas\Desktop\Proyecto_BD\LoginProyect\.metals\.reports\metals-full\2024-06-17\r_compiler-error_12-51-18-478.md
2024.06.17 12:51:22 INFO  no build target found for C:\Users\Nicolas\Desktop\Proyecto_BD\LoginProyect\src\Principal\Main.java. Using presentation compiler with project's scala-library version: 3.3.3
jun 17, 2024 12:51:22 P. M. scala.meta.internal.pc.CompilerAccess handleError
GRAVE: A severe compiler error occurred, full details of the error can be found in the error report C:\Users\Nicolas\Desktop\Proyecto_BD\LoginProyect\.metals\.reports\metals-full\2024-06-17\r_compiler-error_12-51-22-656.md
2024.06.17 12:51:30 INFO  no build target found for C:\Users\Nicolas\Desktop\Proyecto_BD\LoginProyect\src\Principal\Main.java. Using presentation compiler with project's scala-library version: 3.3.3
2024.06.17 12:51:30 INFO  no build target found for C:\Users\Nicolas\Desktop\Proyecto_BD\LoginProyect\src\Principal\Main.java. Using presentation compiler with project's scala-library version: 3.3.3
jun 17, 2024 12:51:31 P. M. scala.meta.internal.pc.CompilerAccess handleError
GRAVE: A severe compiler error occurred, full details of the error can be found in the error report C:\Users\Nicolas\Desktop\Proyecto_BD\LoginProyect\.metals\.reports\metals-full\2024-06-17\r_compiler-error_12-51-31-063.md
2024.06.17 12:51:30 INFO  no build target found for C:\Users\Nicolas\Desktop\Proyecto_BD\LoginProyect\src\Principal\Main.java. Using presentation compiler with project's scala-library version: 3.3.3
jun 17, 2024 12:51:31 P. M. scala.meta.internal.pc.CompilerAccess handleError
GRAVE: A severe compiler error occurred, full details of the error can be found in the error report C:\Users\Nicolas\Desktop\Proyecto_BD\LoginProyect\.metals\.reports\metals-full\2024-06-17\r_compiler-error_12-51-31-294.md
2024.06.17 12:51:36 INFO  no build target found for C:\Users\Nicolas\Desktop\Proyecto_BD\LoginProyect\src\Principal\Main.java. Using presentation compiler with project's scala-library version: 3.3.3
2024.06.17 12:51:36 INFO  no build target found for C:\Users\Nicolas\Desktop\Proyecto_BD\LoginProyect\src\Principal\Main.java. Using presentation compiler with project's scala-library version: 3.3.3
jun 17, 2024 12:51:37 P. M. scala.meta.internal.pc.CompilerAccess handleError
GRAVE: A severe compiler error occurred, full details of the error can be found in the error report C:\Users\Nicolas\Desktop\Proyecto_BD\LoginProyect\.metals\.reports\metals-full\2024-06-17\r_compiler-error_12-51-37-094.md
2024.06.17 13:01:42 INFO  no build target found for C:\Users\Nicolas\Desktop\Proyecto_BD\LoginProyect\src\Principal\Main.java. Using presentation compiler with project's scala-library version: 3.3.3
2024.06.17 13:01:42 WARN  no build target for: C:\Users\Nicolas\Desktop\Proyecto_BD\LoginProyect\src\Principal\Main.java
jun 17, 2024 1:01:44 P. M. scala.meta.internal.pc.CompilerAccess handleError
GRAVE: A severe compiler error occurred, full details of the error can be found in the error report C:\Users\Nicolas\Desktop\Proyecto_BD\LoginProyect\.metals\.reports\metals-full\2024-06-17\r_compiler-error_13-01-44-811.md
2024.06.17 13:01:44 INFO  Shutting down server
2024.06.17 13:01:44 INFO  shutting down Metals
2024.06.17 13:01:44 INFO  Exiting server
